
Warning: require(/var/www/app/vendor/autoload.php): Failed to open stream: No such file or directory in /var/www/app/artisan on line 18

Fatal error: Uncaught Error: Failed opening required '/var/www/app/vendor/autoload.php' (include_path='.:/usr/local/lib/php') in /var/www/app/artisan:18
Stack trace:
#0 {main}
  thrown in /var/www/app/artisan on line 18

Warning: require(/var/www/app/vendor/autoload.php): Failed to open stream: No such file or directory in /var/www/app/artisan on line 18

Fatal error: Uncaught Error: Failed opening required '/var/www/app/vendor/autoload.php' (include_path='.:/usr/local/lib/php') in /var/www/app/artisan:18
Stack trace:
#0 {main}
  thrown in /var/www/app/artisan on line 18

Warning: require(/var/www/app/vendor/autoload.php): Failed to open stream: No such file or directory in /var/www/app/artisan on line 18

Fatal error: Uncaught Error: Failed opening required '/var/www/app/vendor/autoload.php' (include_path='.:/usr/local/lib/php') in /var/www/app/artisan:18
Stack trace:
#0 {main}
  thrown in /var/www/app/artisan on line 18

Warning: require(/var/www/app/vendor/autoload.php): Failed to open stream: No such file or directory in /var/www/app/artisan on line 18

Fatal error: Uncaught Error: Failed opening required '/var/www/app/vendor/autoload.php' (include_path='.:/usr/local/lib/php') in /var/www/app/artisan:18
Stack trace:
#0 {main}
  thrown in /var/www/app/artisan on line 18

Warning: require(/var/www/app/vendor/autoload.php): Failed to open stream: No such file or directory in /var/www/app/artisan on line 18

Fatal error: Uncaught Error: Failed opening required '/var/www/app/vendor/autoload.php' (include_path='.:/usr/local/lib/php') in /var/www/app/artisan:18
Stack trace:
#0 {main}
  thrown in /var/www/app/artisan on line 18

Warning: require(/var/www/app/vendor/autoload.php): Failed to open stream: No such file or directory in /var/www/app/artisan on line 18

Fatal error: Uncaught Error: Failed opening required '/var/www/app/vendor/autoload.php' (include_path='.:/usr/local/lib/php') in /var/www/app/artisan:18
Stack trace:
#0 {main}
  thrown in /var/www/app/artisan on line 18

Warning: require(/var/www/app/vendor/autoload.php): Failed to open stream: No such file or directory in /var/www/app/artisan on line 18

Fatal error: Uncaught Error: Failed opening required '/var/www/app/vendor/autoload.php' (include_path='.:/usr/local/lib/php') in /var/www/app/artisan:18
Stack trace:
#0 {main}
  thrown in /var/www/app/artisan on line 18

Warning: require(/var/www/app/vendor/autoload.php): Failed to open stream: No such file or directory in /var/www/app/artisan on line 18

Fatal error: Uncaught Error: Failed opening required '/var/www/app/vendor/autoload.php' (include_path='.:/usr/local/lib/php') in /var/www/app/artisan:18
Stack trace:
#0 {main}
  thrown in /var/www/app/artisan on line 18

Warning: require(/var/www/app/vendor/autoload.php): Failed to open stream: No such file or directory in /var/www/app/artisan on line 18

Fatal error: Uncaught Error: Failed opening required '/var/www/app/vendor/autoload.php' (include_path='.:/usr/local/lib/php') in /var/www/app/artisan:18
Stack trace:
#0 {main}
  thrown in /var/www/app/artisan on line 18

Warning: require(/var/www/app/vendor/autoload.php): Failed to open stream: No such file or directory in /var/www/app/artisan on line 18

Fatal error: Uncaught Error: Failed opening required '/var/www/app/vendor/autoload.php' (include_path='.:/usr/local/lib/php') in /var/www/app/artisan:18
Stack trace:
#0 {main}
  thrown in /var/www/app/artisan on line 18

Warning: require(/var/www/app/vendor/autoload.php): Failed to open stream: No such file or directory in /var/www/app/artisan on line 18

Fatal error: Uncaught Error: Failed opening required '/var/www/app/vendor/autoload.php' (include_path='.:/usr/local/lib/php') in /var/www/app/artisan:18
Stack trace:
#0 {main}
  thrown in /var/www/app/artisan on line 18

Warning: require(/var/www/app/vendor/autoload.php): Failed to open stream: No such file or directory in /var/www/app/artisan on line 18

Fatal error: Uncaught Error: Failed opening required '/var/www/app/vendor/autoload.php' (include_path='.:/usr/local/lib/php') in /var/www/app/artisan:18
Stack trace:
#0 {main}
  thrown in /var/www/app/artisan on line 18

Warning: require(/var/www/app/vendor/autoload.php): Failed to open stream: No such file or directory in /var/www/app/artisan on line 18

Fatal error: Uncaught Error: Failed opening required '/var/www/app/vendor/autoload.php' (include_path='.:/usr/local/lib/php') in /var/www/app/artisan:18
Stack trace:
#0 {main}
  thrown in /var/www/app/artisan on line 18

Warning: require(/var/www/app/vendor/autoload.php): Failed to open stream: No such file or directory in /var/www/app/artisan on line 18

Fatal error: Uncaught Error: Failed opening required '/var/www/app/vendor/autoload.php' (include_path='.:/usr/local/lib/php') in /var/www/app/artisan:18
Stack trace:
#0 {main}
  thrown in /var/www/app/artisan on line 18

Warning: require(/var/www/app/vendor/autoload.php): Failed to open stream: No such file or directory in /var/www/app/artisan on line 18

Fatal error: Uncaught Error: Failed opening required '/var/www/app/vendor/autoload.php' (include_path='.:/usr/local/lib/php') in /var/www/app/artisan:18
Stack trace:
#0 {main}
  thrown in /var/www/app/artisan on line 18

Warning: require(/var/www/app/vendor/autoload.php): Failed to open stream: No such file or directory in /var/www/app/artisan on line 18

Fatal error: Uncaught Error: Failed opening required '/var/www/app/vendor/autoload.php' (include_path='.:/usr/local/lib/php') in /var/www/app/artisan:18
Stack trace:
#0 {main}
  thrown in /var/www/app/artisan on line 18

Warning: require(/var/www/app/vendor/autoload.php): Failed to open stream: No such file or directory in /var/www/app/artisan on line 18

Fatal error: Uncaught Error: Failed opening required '/var/www/app/vendor/autoload.php' (include_path='.:/usr/local/lib/php') in /var/www/app/artisan:18
Stack trace:
#0 {main}
  thrown in /var/www/app/artisan on line 18

Warning: require(/var/www/app/vendor/autoload.php): Failed to open stream: No such file or directory in /var/www/app/artisan on line 18

Fatal error: Uncaught Error: Failed opening required '/var/www/app/vendor/autoload.php' (include_path='.:/usr/local/lib/php') in /var/www/app/artisan:18
Stack trace:
#0 {main}
  thrown in /var/www/app/artisan on line 18

Warning: require(/var/www/app/vendor/autoload.php): Failed to open stream: No such file or directory in /var/www/app/artisan on line 18

Fatal error: Uncaught Error: Failed opening required '/var/www/app/vendor/autoload.php' (include_path='.:/usr/local/lib/php') in /var/www/app/artisan:18
Stack trace:
#0 {main}
  thrown in /var/www/app/artisan on line 18

Warning: require(/var/www/app/vendor/autoload.php): Failed to open stream: No such file or directory in /var/www/app/artisan on line 18

Fatal error: Uncaught Error: Failed opening required '/var/www/app/vendor/autoload.php' (include_path='.:/usr/local/lib/php') in /var/www/app/artisan:18
Stack trace:
#0 {main}
  thrown in /var/www/app/artisan on line 18

Warning: require(/var/www/app/vendor/autoload.php): Failed to open stream: No such file or directory in /var/www/app/artisan on line 18

Fatal error: Uncaught Error: Failed opening required '/var/www/app/vendor/autoload.php' (include_path='.:/usr/local/lib/php') in /var/www/app/artisan:18
Stack trace:
#0 {main}
  thrown in /var/www/app/artisan on line 18

Warning: require(/var/www/app/vendor/autoload.php): Failed to open stream: No such file or directory in /var/www/app/artisan on line 18

Fatal error: Uncaught Error: Failed opening required '/var/www/app/vendor/autoload.php' (include_path='.:/usr/local/lib/php') in /var/www/app/artisan:18
Stack trace:
#0 {main}
  thrown in /var/www/app/artisan on line 18

Warning: require(/var/www/app/vendor/autoload.php): Failed to open stream: No such file or directory in /var/www/app/artisan on line 18

Fatal error: Uncaught Error: Failed opening required '/var/www/app/vendor/autoload.php' (include_path='.:/usr/local/lib/php') in /var/www/app/artisan:18
Stack trace:
#0 {main}
  thrown in /var/www/app/artisan on line 18

Warning: require(/var/www/app/vendor/autoload.php): Failed to open stream: No such file or directory in /var/www/app/artisan on line 18

Fatal error: Uncaught Error: Failed opening required '/var/www/app/vendor/autoload.php' (include_path='.:/usr/local/lib/php') in /var/www/app/artisan:18
Stack trace:
#0 {main}
  thrown in /var/www/app/artisan on line 18

Warning: require(/var/www/app/vendor/autoload.php): Failed to open stream: No such file or directory in /var/www/app/artisan on line 18

Fatal error: Uncaught Error: Failed opening required '/var/www/app/vendor/autoload.php' (include_path='.:/usr/local/lib/php') in /var/www/app/artisan:18
Stack trace:
#0 {main}
  thrown in /var/www/app/artisan on line 18

   INFO  Server running on [http://0.0.0.0:80].  

  Press Ctrl+C to stop the server

  2023-02-21 19:21:10 ................................................... ~ 0s
  2023-02-21 19:21:10 ................................................... ~ 1s
  2023-02-21 19:21:11 /js/style.js ...................................... ~ 0s
  2023-02-21 19:21:11 /css/style.css .................................... ~ 0s
  2023-02-21 19:21:11 /css/app.css ...................................... ~ 0s
  2023-02-21 19:21:11 /vendor/livewire/livewire.js?id=fe747446aa84856d8b66  ~ 0s
  2023-02-21 19:21:11 /favicon.ico ...................................... ~ 0s
  2023-02-21 19:21:14 ................................................... ~ 0s
  2023-02-21 19:21:16 ................................................... ~ 0s
  2023-02-21 19:21:16 ................................................... ~ 0s
  2023-02-21 19:21:16 ................................................... ~ 0s
  2023-02-21 19:21:17 ................................................... ~ 0s
  2023-02-21 19:21:17 ................................................... ~ 0s
  2023-02-21 19:21:17 ................................................... ~ 0s
  2023-02-21 19:21:18 ................................................... ~ 0s
  2023-02-21 19:21:18 ................................................... ~ 0s
  2023-02-21 19:21:18 ................................................... ~ 0s
  2023-02-21 19:21:18 ................................................... ~ 0s
  2023-02-21 19:21:18 ................................................... ~ 0s
  2023-02-21 19:21:18 /favicon.ico ...................................... ~ 1s
  2023-02-21 19:27:14 ................................................... ~ 0s
  2023-02-21 19:27:14 /favicon.ico ...................................... ~ 1s
  2023-02-21 19:27:40 /favicon.ico ...................................... ~ 0s
  2023-02-21 19:30:12 ................................................... ~ 0s
  2023-02-21 19:30:12 /js/style.js ...................................... ~ 0s
  2023-02-21 19:30:12 /css/app.css ...................................... ~ 0s
  2023-02-21 19:30:13 /css/style.css .................................... ~ 0s
  2023-02-21 19:30:13 /vendor/livewire/livewire.js?id=fe747446aa84856d8b66  ~ 0s
  2023-02-21 19:30:13 /images/user.png .................................. ~ 0s
  2023-02-21 19:30:13 /favicon.ico ...................................... ~ 0s
  2023-02-21 19:30:15 ................................................... ~ 1s
  2023-02-21 19:30:15 /js/style.js ...................................... ~ 1s
  2023-02-21 19:30:16 /css/app.css ...................................... ~ 0s
  2023-02-21 19:30:16 /css/style.css .................................... ~ 0s
  2023-02-21 19:30:16 /vendor/livewire/livewire.js?id=fe747446aa84856d8b66  ~ 0s
  2023-02-21 19:30:16 /images/user.png .................................. ~ 0s
  2023-02-21 19:30:16 /favicon.ico ...................................... ~ 0s
  2023-02-21 19:30:17 ................................................... ~ 0s
  2023-02-21 19:30:17 /js/style.js ...................................... ~ 0s
  2023-02-21 19:30:17 /css/style.css .................................... ~ 0s
  2023-02-21 19:30:17 /css/app.css ...................................... ~ 0s
  2023-02-21 19:30:18 /vendor/livewire/livewire.js?id=fe747446aa84856d8b66  ~ 0s
  2023-02-21 19:30:18 /images/user.png .................................. ~ 0s
  2023-02-21 19:30:18 /favicon.ico ...................................... ~ 0s
  2023-02-21 19:30:18 ................................................... ~ 1s
  2023-02-21 19:30:19 /js/style.js ...................................... ~ 0s
  2023-02-21 19:30:19 /css/style.css .................................... ~ 0s
  2023-02-21 19:30:19 /css/app.css ...................................... ~ 0s
  2023-02-21 19:30:19 /vendor/livewire/livewire.js?id=fe747446aa84856d8b66  ~ 0s
  2023-02-21 19:30:19 /images/user.png .................................. ~ 0s
  2023-02-21 19:30:19 /favicon.ico ...................................... ~ 0s
